enterprise/build/app/intermediates/manifest_merge_blame_file/release/manifest-merger-blame-release-report.txt
1<?xml version="1.0" encoding="utf-8"?>
2<manifest xmlns:android="http://schemas.android.com/apk/res/android"
3    package="com.agripure.agripure_mobile"
4    android:versionCode="1"
5    android:versionName="1.0.0" >
6
7    <uses-sdk
8        android:minSdkVersion="16"
8-->src/main/AndroidManifest.xml
9        android:targetSdkVersion="33" />
9-->src/main/AndroidManifest.xml
10
11    <uses-permission android:name="android.permission.INTERNET" />
11-->src/main/AndroidManifest.xml:3:5-66
11-->src/main/AndroidManifest.xml:3:22-64
12
13    <queries>
13-->src/main/AndroidManifest.xml:36:5-53:15
14
15        <!-- If your app opens https URLs -->
16        <intent>
16-->src/main/AndroidManifest.xml:38:9-42:18
17            <action android:name="android.intent.action.VIEW" />
17-->src/main/AndroidManifest.xml:39:13-65
17-->src/main/AndroidManifest.xml:39:21-62
18
19            <category android:name="android.intent.category.BROWSABLE" />
19-->src/main/AndroidManifest.xml:40:13-73
19-->src/main/AndroidManifest.xml:40:23-71
20
21            <data android:scheme="https" />
21-->src/main/AndroidManifest.xml:41:13-44
21-->src/main/AndroidManifest.xml:41:19-41
22        </intent>
23        <!-- If your app makes calls -->
24        <intent>
24-->src/main/AndroidManifest.xml:44:9-47:18
25            <action android:name="android.intent.action.VIEW" />
25-->src/main/AndroidManifest.xml:39:13-65
25-->src/main/AndroidManifest.xml:39:21-62
26
27            <data android:scheme="tel" />
27-->src/main/AndroidManifest.xml:41:13-44
27-->src/main/AndroidManifest.xml:41:19-41
28        </intent>
29        <!-- If your app emails -->
30        <intent>
30-->src/main/AndroidManifest.xml:49:9-52:18
31            <action android:name="android.intent.action.SEND" />
31-->src/main/AndroidManifest.xml:50:13-65
31-->src/main/AndroidManifest.xml:50:21-62
32
33            <data android:mimeType="*/*" />
33-->src/main/AndroidManifest.xml:41:13-44
33-->src/main/AndroidManifest.xml:51:19-41
34        </intent>
35    </queries>
36
37    <permission
37-->[androidx.core:core:1.10.1] AndroidManifest.xml:22:5-24:47
38        android:name="com.agripure.agripure_mobile.DYNAMIC_RECEIVER_NOT_EXPORTED_PERMISSION"
38-->[androidx.core:core:1.10.1] AndroidManifest.xml:23:9-81
39        android:protectionLevel="signature" />
39-->[androidx.core:core:1.10.1] AndroidManifest.xml:24:9-44
40
41    <uses-permission android:name="com.agripure.agripure_mobile.DYNAMIC_RECEIVER_NOT_EXPORTED_PERMISSION" />
41-->[androidx.core:core:1.10.1] AndroidManifest.xml:26:5-97
41-->[androidx.core:core:1.10.1] AndroidManifest.xml:26:22-94
42
43    <application
44        android:name="android.app.Application"
44-->src/main/AndroidManifest.xml:7:9-42
45        android:appComponentFactory="androidx.core.app.CoreComponentFactory"
45-->[androidx.core:core:1.10.1] AndroidManifest.xml:28:18-86
46        android:icon="@mipmap/logo_agripure"
46-->src/main/AndroidManifest.xml:8:9-45
47        android:label="AgriPure" >
47-->src/main/AndroidManifest.xml:6:9-33
48        <activity
48-->src/main/AndroidManifest.xml:9:9-29:20
49            android:name="com.agripure.agripure_mobile.MainActivity"
49-->src/main/AndroidManifest.xml:10:13-41
50            android:configChanges="orientation|keyboardHidden|keyboard|screenSize|smallestScreenSize|locale|layoutDirection|fontScale|screenLayout|density|uiMode"
50-->src/main/AndroidManifest.xml:14:13-163
51            android:exported="true"
51-->src/main/AndroidManifest.xml:11:13-36
52            android:hardwareAccelerated="true"
52-->src/main/AndroidManifest.xml:15:13-47
53            android:launchMode="singleTop"
53-->src/main/AndroidManifest.xml:12:13-43
54            android:theme="@style/LaunchTheme"
54-->src/main/AndroidManifest.xml:13:13-47
55            android:windowSoftInputMode="adjustResize" >
55-->src/main/AndroidManifest.xml:16:13-55
56
57            <!--
58                 Specifies an Android theme to apply to this Activity as soon as
59                 the Android process has started. This theme is visible to the user
60                 while the Flutter UI initializes. After that, this theme continues
61                 to determine the Window background behind the Flutter UI.
62            -->
63            <meta-data
63-->src/main/AndroidManifest.xml:21:13-24:17
64                android:name="io.flutter.embedding.android.NormalTheme"
64-->src/main/AndroidManifest.xml:22:15-70
65                android:resource="@style/NormalTheme" />
65-->src/main/AndroidManifest.xml:23:15-52
66
67            <intent-filter>
67-->src/main/AndroidManifest.xml:25:13-28:29
68                <action android:name="android.intent.action.MAIN" />
68-->src/main/AndroidManifest.xml:26:17-68
68-->src/main/AndroidManifest.xml:26:25-66
69
70                <category android:name="android.intent.category.LAUNCHER" />
70-->src/main/AndroidManifest.xml:27:17-76
70-->src/main/AndroidManifest.xml:27:27-74
71            </intent-filter>
72        </activity>
73        <!--
74             Don't delete the meta-data below.
75             This is used by the Flutter tool to generate GeneratedPluginRegistrant.java
76        -->
77        <meta-data
77-->src/main/AndroidManifest.xml:32:9-34:33
78            android:name="flutterEmbedding"
78-->src/main/AndroidManifest.xml:33:13-44
79            android:value="2" />
79-->src/main/AndroidManifest.xml:34:13-30
80
81        <provider
81-->[:image_picker_android] AndroidManifest.xml:10:9-18:20
82            android:name="io.flutter.plugins.imagepicker.ImagePickerFileProvider"
82-->[:image_picker_android] AndroidManifest.xml:11:13-82
83            android:authorities="com.agripure.agripure_mobile.flutter.image_provider"
83-->[:image_picker_android] AndroidManifest.xml:12:13-74
84            android:exported="false"
84-->[:image_picker_android] AndroidManifest.xml:13:13-37
85            android:grantUriPermissions="true" >
85-->[:image_picker_android] AndroidManifest.xml:14:13-47
86            <meta-data
86-->[:image_picker_android] AndroidManifest.xml:15:13-17:75
87                android:name="android.support.FILE_PROVIDER_PATHS"
87-->[:image_picker_android] AndroidManifest.xml:16:17-67
88                android:resource="@xml/flutter_image_picker_file_paths" />
88-->[:image_picker_android] AndroidManifest.xml:17:17-72
89        </provider>
90
91        <activity
91-->[:url_launcher_android] AndroidManifest.xml:10:9-13:74
92            android:name="io.flutter.plugins.urllauncher.WebViewActivity"
92-->[:url_launcher_android] AndroidManifest.xml:11:13-74
93            android:exported="false"
93-->[:url_launcher_android] AndroidManifest.xml:12:13-37
94            android:theme="@android:style/Theme.NoTitleBar.Fullscreen" />
94-->[:url_launcher_android] AndroidManifest.xml:13:13-71
95
96        <uses-library
96-->[androidx.window:window:1.0.0-beta04] AndroidManifest.xml:25:9-27:40
97            android:name="androidx.window.extensions"
97-->[androidx.window:window:1.0.0-beta04] AndroidManifest.xml:26:13-54
98            android:required="false" />
98-->[androidx.window:window:1.0.0-beta04] AndroidManifest.xml:27:13-37
99        <uses-library
99-->[androidx.window:window:1.0.0-beta04] AndroidManifest.xml:28:9-30:40
100            android:name="androidx.window.sidecar"
100-->[androidx.window:window:1.0.0-beta04] AndroidManifest.xml:29:13-51
101            android:required="false" />
101-->[androidx.window:window:1.0.0-beta04] AndroidManifest.xml:30:13-37
102
103        <provider
103-->[androidx.profileinstaller:profileinstaller:1.3.0] AndroidManifest.xml:24:9-32:20
104            android:name="androidx.startup.InitializationProvider"
104-->[androidx.profileinstaller:profileinstaller:1.3.0] AndroidManifest.xml:25:13-67
105            android:authorities="com.agripure.agripure_mobile.androidx-startup"
105-->[androidx.profileinstaller:profileinstaller:1.3.0] AndroidManifest.xml:26:13-68
106            android:exported="false" >
106-->[androidx.profileinstaller:profileinstaller:1.3.0] AndroidManifest.xml:27:13-37
107            <meta-data
107-->[androidx.profileinstaller:profileinstaller:1.3.0] AndroidManifest.xml:29:13-31:52
108                android:name="androidx.profileinstaller.ProfileInstallerInitializer"
108-->[androidx.profileinstaller:profileinstaller:1.3.0] AndroidManifest.xml:30:17-85
109                android:value="androidx.startup" />
109-->[androidx.profileinstaller:profileinstaller:1.3.0] AndroidManifest.xml:31:17-49
110        </provider>
111
112        <receiver
112-->[androidx.profileinstaller:profileinstaller:1.3.0] AndroidManifest.xml:34:9-52:20
113            android:name="androidx.profileinstaller.ProfileInstallReceiver"
113-->[androidx.profileinstaller:profileinstaller:1.3.0] AndroidManifest.xml:35:13-76
114            android:directBootAware="false"
114-->[androidx.profileinstaller:profileinstaller:1.3.0] AndroidManifest.xml:36:13-44
115            android:enabled="true"
115-->[androidx.profileinstaller:profileinstaller:1.3.0] AndroidManifest.xml:37:13-35
116            android:exported="true"
116-->[androidx.profileinstaller:profileinstaller:1.3.0] AndroidManifest.xml:38:13-36
117            android:permission="android.permission.DUMP" >
117-->[androidx.profileinstaller:profileinstaller:1.3.0] AndroidManifest.xml:39:13-57
118            <intent-filter>
118-->[androidx.profileinstaller:profileinstaller:1.3.0] AndroidManifest.xml:40:13-42:29
119                <action android:name="androidx.profileinstaller.action.INSTALL_PROFILE" />
119-->[androidx.profileinstaller:profileinstaller:1.3.0] AndroidManifest.xml:41:17-91
119-->[androidx.profileinstaller:profileinstaller:1.3.0] AndroidManifest.xml:41:25-88
120            </intent-filter>
121            <intent-filter>
121-->[androidx.profileinstaller:profileinstaller:1.3.0] AndroidManifest.xml:43:13-45:29
122                <action android:name="androidx.profileinstaller.action.SKIP_FILE" />
122-->[androidx.profileinstaller:profileinstaller:1.3.0] AndroidManifest.xml:44:17-85
122-->[androidx.profileinstaller:profileinstaller:1.3.0] AndroidManifest.xml:44:25-82
123            </intent-filter>
124            <intent-filter>
124-->[androidx.profileinstaller:profileinstaller:1.3.0] AndroidManifest.xml:46:13-48:29
125                <action android:name="androidx.profileinstaller.action.SAVE_PROFILE" />
125-->[androidx.profileinstaller:profileinstaller:1.3.0] AndroidManifest.xml:47:17-88
125-->[androidx.profileinstaller:profileinstaller:1.3.0] AndroidManifest.xml:47:25-85
126            </intent-filter>
127            <intent-filter>
127-->[androidx.profileinstaller:profileinstaller:1.3.0] AndroidManifest.xml:49:13-51:29
128                <action android:name="androidx.profileinstaller.action.BENCHMARK_OPERATION" />
128-->[androidx.profileinstaller:profileinstaller:1.3.0] AndroidManifest.xml:50:17-95
128-->[androidx.profileinstaller:profileinstaller:1.3.0] AndroidManifest.xml:50:25-92
129            </intent-filter>
130        </receiver>
131    </application>
132
133</manifest>